<?xml version="1.0" encoding="UTF-8"?>
<!-- Generated by org.testng.reporters.JUnitXMLReporter -->
<testsuite ignored="1" hostname="DESKTOP-G2OQHS4" failures="0" tests="9" name="Default test" time="0.218" errors="0" timestamp="28 Apr 2024 13:02:57 GMT">
  <testcase classname="TestNG.HelpingAttributes" name="method1" time="0.033"/>
  <testcase classname="TestNG.HelpingAttributes" name="method4" time="0.006"/>
  <testcase classname="TestNG.HelpingAttributes" name="method4" time="0.013"/>
  <testcase classname="TestNG.HelpingAttributes" name="method4" time="0.002"/>
  <testcase classname="TestNG.HelpingAttributes" name="method4" time="0.001"/>
  <testcase classname="TestNG.HelpingAttributes" name="method4" time="0.002"/>
  <testcase classname="TestNG.HelpingAttributes" name="method6" time="0.012"/>
  <testcase classname="TestNG.HelpingAttributes" name="method5" time="0.007"/>
  <testcase classname="TestNG.HelpingAttributes" name="method2" time="0.003"/>
  <testcase classname="TestNG.HelpingAttributes" name="method3" time="0.0">
    <ignored/>
  </testcase> <!-- method3 -->
</testsuite> <!-- Default test -->
